[debug] Current memory limit: "512MB"
[debug] Checking BOX_ALLOW_XDEBUG
[debug] phar.readonly is enabled
[debug] The Xdebug extension is loaded (3.2.0) xdebug.mode=off
[debug] Configured `phar.readonly=0`
[debug] Process restarting (BOX_ALLOW_XDEBUG=internal|3.2.0|1|*|*)
[debug] Running /usr/local/bin/php examples/phar-manifest.php
[debug] Current memory limit: "512MB"
[debug] Checking BOX_ALLOW_XDEBUG
[debug] Restarted (69 ms). The Xdebug extension is not loaded
[info] Using composer.json : /shared/backups/bartlett/box-manifest/examples/app-fixtures/composer.json
[info] Using composer.lock : /shared/backups/bartlett/box-manifest/examples/app-fixtures/composer.lock
<?xml version="1.0" encoding="UTF-8"?>
<bom xmlns="http://cyclonedx.org/schema/bom/1.4" version="1">
  <metadata>
    <tools>
      <tool>
        <vendor><![CDATA[box-project]]></vendor>
        <name><![CDATA[box]]></name>
        <version><![CDATA[4.3.8@5534406]]></version>
      </tool>
    </tools>
  </metadata>
  <components>
    <component type="library" bom-ref="pkg:composer/psr/log@3.0.0">
      <group><![CDATA[psr]]></group>
      <name><![CDATA[log]]></name>
      <version><![CDATA[3.0.0]]></version>
      <purl><![CDATA[pkg:composer/psr/log@3.0.0]]></purl>
    </component>
  </components>
  <dependencies>
    <dependency ref="pkg:composer/psr/log@3.0.0"/>
  </dependencies>
</bom>

[debug] Restarted process exited 0
